TN:
SF:script/DeployUSP.s.sol
DA:26,1
FN:26,DeployUSP.run
FNDA:1,DeployUSP.run
DA:30,1
DA:33,1
DA:35,1
DA:37,1
DA:39,1
DA:44,1
DA:45,1
DA:50,1
DA:51,1
DA:56,1
DA:61,1
DA:66,1
DA:71,1
DA:76,1
DA:81,1
DA:86,1
DA:89,1
DA:90,1
DA:93,1
DA:94,1
DA:97,1
DA:101,1
DA:102,1
DA:110,1
FNF:1
FNH:1
LF:25
LH:25
BRF:0
BRH:0
end_of_record
TN:
SF:src/IdentityRegistry.sol
DA:31,48
FN:31,IdentityRegistry.constructor
FNDA:48,IdentityRegistry.constructor
DA:32,48
DA:33,48
DA:41,135
FN:41,IdentityRegistry.addStudent
FNDA:135,IdentityRegistry.addStudent
DA:42,135
BRDA:42,0,0,1
BRDA:42,0,1,134
DA:44,134
DA:50,134
DA:51,134
DA:59,14
FN:59,IdentityRegistry.setStudentStatus
FNDA:14,IdentityRegistry.setStudentStatus
DA:60,14
BRDA:60,1,0,1
BRDA:60,1,1,13
DA:62,13
DA:63,13
BRDA:63,2,0,12
DA:64,12
DA:65,2
BRDA:65,3,0,2
BRDA:65,3,1,10
DA:66,2
DA:68,10
BRDA:68,4,0,10
DA:70,12
DA:78,159
FN:78,IdentityRegistry.isStudentActive
FNDA:159,IdentityRegistry.isStudentActive
DA:79,159
DA:86,69
FN:86,IdentityRegistry.isStudentValidForSnapshot
FNDA:69,IdentityRegistry.isStudentValidForSnapshot
DA:87,69
DA:88,69
BRDA:88,5,0,1
DA:89,68
FNF:5
FNH:5
LF:23
LH:23
BRF:9
BRH:9
end_of_record
TN:
SF:src/StudentGovernance.sol
DA:73,20
FN:73,StudentGovernance.constructor
FNDA:20,StudentGovernance.constructor
DA:74,20
DA:75,20
DA:76,20
DA:85,20
FN:85,StudentGovernance.propose
FNDA:20,StudentGovernance.propose
DA:88,20
BRDA:88,0,0,1
BRDA:88,0,1,19
DA:91,19
BRDA:91,1,0,-
BRDA:91,1,1,18
DA:94,18
DA:95,18
DA:96,18
DA:97,18
DA:98,18
DA:99,18
DA:100,18
DA:102,18
DA:103,18
DA:111,47
FN:111,StudentGovernance.castVote
FNDA:47,StudentGovernance.castVote
DA:112,47
DA:114,47
BRDA:114,2,0,1
BRDA:114,2,1,46
DA:115,46
BRDA:115,3,0,1
BRDA:115,3,1,45
DA:119,45
BRDA:119,4,0,1
BRDA:119,4,1,44
DA:124,44
DA:125,44
DA:127,39
BRDA:127,5,0,39
BRDA:127,5,1,5
DA:128,39
DA:130,5
DA:135,44
DA:137,44
DA:144,16
FN:144,StudentGovernance.execute
FNDA:16,StudentGovernance.execute
DA:145,16
DA:148,16
BRDA:148,6,0,2
BRDA:148,6,1,14
DA:149,14
BRDA:149,7,0,1
BRDA:149,7,1,13
DA:152,13
DA:155,13
DA:156,13
DA:157,13
BRDA:157,8,0,11
DA:159,13
DA:160,13
DA:163,13
BRDA:163,9,0,8
BRDA:163,9,1,1
DA:166,8
BRDA:166,10,0,8
DA:167,8
DA:168,8
DA:172,8
DA:173,8
BRDA:173,11,0,-
BRDA:173,11,1,8
DA:175,8
DA:181,5
DA:184,5
BRDA:184,12,0,5
DA:186,1
BRDA:186,12,1,1
DA:188,1
DA:193,5
DA:203,4
FN:203,StudentGovernance.setGovernanceParams
FNDA:4,StudentGovernance.setGovernanceParams
DA:204,4
BRDA:204,13,0,1
BRDA:204,13,1,3
DA:205,3
DA:206,3
DA:207,3
DA:208,3
FNF:5
FNH:5
LF:56
LH:56
BRF:26
BRH:24
end_of_record
TN:
SF:src/USPCertificate.sol
DA:40,26
FN:40,USPCertificate.constructor
FNDA:26,USPCertificate.constructor
DA:43,26
DA:44,26
DA:46,26
DA:47,26
DA:55,2
FN:55,USPCertificate.systemMintCertificate
FNDA:2,USPCertificate.systemMintCertificate
DA:56,2
BRDA:56,0,0,1
BRDA:56,0,1,1
DA:59,1
DA:61,1
DA:62,1
DA:63,1
DA:64,1
DA:71,6
FN:71,USPCertificate.setCertificateCost
FNDA:6,USPCertificate.setCertificateCost
DA:72,5
DA:73,5
DA:80,3
FN:80,USPCertificate.redeemCertificate
FNDA:3,USPCertificate.redeemCertificate
DA:83,3
DA:84,3
BRDA:84,1,0,1
BRDA:84,1,1,2
DA:87,2
DA:90,2
DA:91,2
DA:92,2
DA:93,2
DA:100,2
FN:100,USPCertificate.locked
FNDA:2,USPCertificate.locked
DA:101,2
BRDA:101,2,0,1
BRDA:101,2,1,1
DA:102,1
DA:111,4
FN:111,USPCertificate._update
FNDA:4,USPCertificate._update
DA:112,4
DA:113,4
BRDA:113,3,0,1
DA:114,1
DA:116,3
DA:123,2
FN:123,USPCertificate.supportsInterface
FNDA:2,USPCertificate.supportsInterface
DA:124,2
DA:131,1
FN:131,USPCertificate.tokenURI
FNDA:1,USPCertificate.tokenURI
DA:132,1
FNF:8
FNH:8
LF:35
LH:35
BRF:7
BRH:7
end_of_record
TN:
SF:src/USPPaymaster.sol
DA:31,10
FN:31,USPPaymaster.constructor
FNDA:10,USPPaymaster.constructor
DA:32,10
DA:33,10
DA:40,2
FN:40,USPPaymaster.setMaxGasPerStudent
FNDA:2,USPPaymaster.setMaxGasPerStudent
DA:41,1
DA:42,1
DA:53,10
FN:53,USPPaymaster.setTargetWhitelist
FNDA:10,USPPaymaster.setTargetWhitelist
DA:54,10
DA:62,6
FN:62,USPPaymaster.validatePaymasterUserOp
FNDA:6,USPPaymaster.validatePaymasterUserOp
DA:69,6
BRDA:69,0,0,1
DA:72,5
DA:73,5
BRDA:73,1,0,1
DA:76,4
BRDA:76,2,0,1
DA:79,3
BRDA:79,3,0,1
DA:82,2
DA:91,2
FN:91,USPPaymaster.postOp
FNDA:2,USPPaymaster.postOp
DA:92,2
DA:93,2
DA:94,2
DA:100,9
FN:100,USPPaymaster.makeDeposit
FNDA:9,USPPaymaster.makeDeposit
DA:101,9
DA:109,2
FN:109,USPPaymaster.withdrawTo
FNDA:2,USPPaymaster.withdrawTo
DA:110,1
DA:117,5
FN:117,USPPaymaster._getTargetFromCallData
FNDA:5,USPPaymaster._getTargetFromCallData
DA:118,5
BRDA:118,4,0,1
DA:119,4
FNF:8
FNH:8
LF:26
LH:26
BRF:5
BRH:5
end_of_record
TN:
SF:src/USPToken.sol
DA:22,31
FN:22,USPToken.constructor
FNDA:31,USPToken.constructor
DA:23,31
DA:24,31
DA:25,31
DA:33,93
FN:33,USPToken.mint
FNDA:93,USPToken.mint
DA:34,92
BRDA:34,0,0,1
BRDA:34,0,1,91
DA:35,91
DA:43,1
FN:43,USPToken.systemBurn
FNDA:1,USPToken.systemBurn
DA:44,1
DA:53,126
FN:53,USPToken._update
FNDA:126,USPToken._update
DA:55,126
BRDA:55,1,0,28
DA:56,28
BRDA:56,2,0,1
BRDA:56,2,1,27
DA:57,27
BRDA:57,3,0,1
BRDA:57,3,1,26
DA:59,124
FNF:4
FNH:4
LF:14
LH:14
BRF:7
BRH:7
end_of_record
TN:
SF:test/StudentGovernance.t.sol
DA:12,1
FN:12,MockPaymaster.setMaxGasPerStudent
FNDA:1,MockPaymaster.setMaxGasPerStudent
DA:663,6
FN:663,BurnFailToken.mint
FNDA:6,BurnFailToken.mint
DA:664,6
DA:667,1
FN:667,BurnFailToken.burn
FNDA:1,BurnFailToken.burn
DA:668,1
FNF:3
FNH:3
LF:5
LH:5
BRF:0
BRH:0
end_of_record
TN:
SF:test/USPPaymaster.t.sol
DA:13,3
FN:13,MockEntryPoint.balanceOf
FNDA:3,MockEntryPoint.balanceOf
DA:14,3
DA:17,9
FN:17,MockEntryPoint.depositTo
FNDA:9,MockEntryPoint.depositTo
DA:18,9
DA:22,1
FN:22,MockEntryPoint.withdrawTo
FNDA:1,MockEntryPoint.withdrawTo
FNF:3
FNH:3
LF:5
LH:5
BRF:0
BRH:0
end_of_record
